<?xml version="1.0" encoding="utf-8"?>
<!DOCTYPE hibernate-configuration PUBLIC
	"-//Hibernate/Hibernate Configuration DTD 3.0//EN"
	"http://hibernate.sourceforge.net/hibernate-configuration-3.0.dtd">

<hibernate-configuration>
	<session-factory>
		<!-- Uncomment for hibernate debugging
		<property name="show_sql">true</property>
		<property name="format_sql">true</property>
		<property name="use_sql_comments">true</property>
		-->

		<mapping resource="WorkOrder.hbm.xml" />

		<!-- Import LazyRole mapping from commons -->
		<mapping resource="LazyRole.hbm.xml" />

		<event type="pre-insert">
			<listener class="org.openmrs.module.openhmis.workorder.api.event.ChangeEventListener" />
		</event>
		<event type="pre-update">
			<listener class="org.openmrs.module.openhmis.workorder.api.event.ChangeEventListener"  />
		</event>
	</session-factory>
</hibernate-configuration>
